[debug] [2017-09-29T21:40:42.800Z] ----------------------------------------------------------------------
[debug] [2017-09-29T21:40:42.803Z] Command:       /usr/local/bin/node /usr/local/bin/firebase deploy
[debug] [2017-09-29T21:40:42.804Z] CLI Version:   3.11.0
[debug] [2017-09-29T21:40:42.804Z] Platform:      darwin
[debug] [2017-09-29T21:40:42.804Z] Node Version:  v6.11.3
[debug] [2017-09-29T21:40:42.804Z] Time:          Sat Sep 30 2017 03:10:42 GMT+0530 (IST)
[debug] [2017-09-29T21:40:42.805Z] ----------------------------------------------------------------------
[debug] 
[debug] [2017-09-29T21:40:42.829Z] > command requires scopes: ["email","openid","https://www.googleapis.com/auth/cloudplatformprojects.readonly","https://www.googleapis.com/auth/firebase","https://www.googleapis.com/auth/cloud-platform"]
[debug] [2017-09-29T21:40:42.830Z] > authorizing via signed-in user
[debug] [2017-09-29T21:40:42.832Z] > refreshing access token with scopes: ["email","https://www.googleapis.com/auth/cloud-platform","https://www.googleapis.com/auth/cloudplatformprojects.readonly","https://www.googleapis.com/auth/firebase","openid"]
[debug] [2017-09-29T21:40:42.832Z] >>> HTTP REQUEST POST https://www.googleapis.com/oauth2/v3/token { refresh_token: '1/xh51sMm-ScyB88R7Jtds7ke_ATlKMBhQzA9EU5N-YXJtw2tTn2HwnErVdmEfYukx',
  client_id: '563584335869-fgrhgmd47bqnekij5i8b5pr03ho849e6.apps.googleusercontent.com',
  client_secret: 'j9iVZfS8kkCEFUPaAeJV0sAi',
  grant_type: 'refresh_token',
  scope: 'email https://www.googleapis.com/auth/cloud-platform https://www.googleapis.com/auth/cloudplatformprojects.readonly https://www.googleapis.com/auth/firebase openid' } 
 Sat Sep 30 2017 03:10:42 GMT+0530 (IST)
[debug] [2017-09-29T21:40:43.096Z] <<< HTTP RESPONSE 200
[debug] [2017-09-29T21:40:43.113Z] >>> HTTP REQUEST GET https://admin.firebase.com/v1/projects/umangfoundation-admin  
 Sat Sep 30 2017 03:10:43 GMT+0530 (IST)
[debug] [2017-09-29T21:40:44.746Z] <<< HTTP RESPONSE 200
[debug] [2017-09-29T21:40:44.747Z] >>> HTTP REQUEST GET https://admin.firebase.com/v1/database/umangfoundation-admin/tokens  
 Sat Sep 30 2017 03:10:44 GMT+0530 (IST)
[debug] [2017-09-29T21:40:45.827Z] <<< HTTP RESPONSE 200
[info] 
[info] === Deploying to 'umangfoundation-admin'...
[info] 
[info] i  deploying database, functions, hosting
[info] ✔  database: rules ready to deploy.
[debug] [2017-09-29T21:40:48.181Z] > [functions] package.json contents: {
  "name": "functions",
  "description": "Cloud Functions for Firebase",
  "dependencies": {
    "firebase-admin": "~5.2.1",
    "firebase-functions": "^0.6.2"
  },
  "private": true
}
[info] i  functions: ensuring necessary APIs are enabled...
[info] i  runtimeconfig: ensuring necessary APIs are enabled...
[debug] [2017-09-29T21:40:48.184Z] >>> HTTP REQUEST GET https://servicemanagement.googleapis.com/v1/services/cloudfunctions.googleapis.com/projectSettings/umangfoundation-admin?view=CONSUMER_VIEW  
 Sat Sep 30 2017 03:10:48 GMT+0530 (IST)
[debug] [2017-09-29T21:40:48.186Z] >>> HTTP REQUEST GET https://servicemanagement.googleapis.com/v1/services/runtimeconfig.googleapis.com/projectSettings/umangfoundation-admin?view=CONSUMER_VIEW  
 Sat Sep 30 2017 03:10:48 GMT+0530 (IST)
[debug] [2017-09-29T21:40:50.046Z] <<< HTTP RESPONSE 200
[info] ✔  runtimeconfig: all necessary APIs are enabled
[debug] [2017-09-29T21:40:50.069Z] <<< HTTP RESPONSE 200
[info] ✔  functions: all necessary APIs are enabled
[debug] [2017-09-29T21:40:50.071Z] >>> HTTP REQUEST GET https://appengine.googleapis.com/v1/apps/umangfoundation-admin  
 Sat Sep 30 2017 03:10:50 GMT+0530 (IST)
[debug] [2017-09-29T21:40:50.072Z] >>> HTTP REQUEST GET https://apikeys.googleapis.com/v1/projects/umangfoundation-admin/apiKeys  
 Sat Sep 30 2017 03:10:50 GMT+0530 (IST)
[debug] [2017-09-29T21:40:51.752Z] <<< HTTP RESPONSE 200
[debug] [2017-09-29T21:40:51.755Z] <<< HTTP RESPONSE 200
[info] i  functions: preparing functions directory for uploading...
[debug] [2017-09-29T21:40:54.914Z] >>> HTTP REQUEST GET https://runtimeconfig.googleapis.com/v1beta1/projects/umangfoundation-admin/configs  
 Sat Sep 30 2017 03:10:54 GMT+0530 (IST)
[debug] [2017-09-29T21:40:55.581Z] <<< HTTP RESPONSE 200
[info] i  hosting: preparing dist directory for upload...
[debug] [2017-09-29T21:40:56.477Z] >>> HTTP REQUEST PUT https://deploy.firebase.com/v1/hosting/umangfoundation-admin/uploads/-KvE_R3tHy5VlvM2_jyU?fileCount=26&message=  
 Sat Sep 30 2017 03:10:56 GMT+0530 (IST)
